<?xml version="1.0" encoding="UTF-8"?>
<!-- Generated by org.testng.reporters.JUnitReportReporter -->
<testsuite skipped="0" hostname="Daz-2.local" name="com.daz.testAppium.SimpleAppiumTest" tests="2" failures="0" timestamp="15 Apr 2019 21:38:29 GMT" time="13.523" errors="0">
  <testcase name="sample" time="0.005" classname="com.daz.testAppium.SimpleAppiumTest"/>
  <testcase name="simpleTest" time="13.518" classname="com.daz.testAppium.SimpleAppiumTest"/>
</testsuite> <!-- com.daz.testAppium.SimpleAppiumTest -->
